2019-06-15 12:13:08,237 INFO com.sapient.newsapi.sapientNewsApi.SapientNewsApiApplication [main] Starting SapientNewsApiApplication on WKWIN3043313 with PID 4816 (C:\Users\indiahiring\Downloads\weatherapi\target\classes started by indiahiring in C:\Users\indiahiring\Downloads\weatherapi)
2019-06-15 12:13:08,241 DEBUG com.sapient.newsapi.sapientNewsApi.SapientNewsApiApplication [main] Running with Spring Boot v2.1.5.RELEASE, Spring v5.1.7.RELEASE
2019-06-15 12:13:08,242 INFO com.sapient.newsapi.sapientNewsApi.SapientNewsApiApplication [main] No active profile set, falling back to default profiles: default
2019-06-15 12:13:09,485 INFO org.apache.catalina.core.StandardService [main] Starting service [Tomcat]
2019-06-15 12:13:09,485 INFO org.apache.catalina.core.StandardEngine [main] Starting Servlet engine: [Apache Tomcat/9.0.19]
2019-06-15 12:13:09,630 INFO org.apache.jasper.servlet.TldScanner [main] At least one JAR was scanned for TLDs yet contained no TLDs. Enable debug logging for this logger for a complete list of JARs that were scanned but no TLDs were found in them. Skipping unneeded JARs during scanning can improve startup time and JSP compilation time.
2019-06-15 12:13:09,634 INFO org.apache.catalina.core.ContainerBase.[Tomcat].[localhost].[/] [main] Initializing Spring embedded WebApplicationContext
2019-06-15 12:13:10,092 INFO com.sapient.newsapi.sapientNewsApi.SapientNewsApiApplication [main] Started SapientNewsApiApplication in 2.252 seconds (JVM running for 3.3)
2019-06-15 12:13:23,586 INFO org.apache.catalina.core.ContainerBase.[Tomcat].[localhost].[/] [http-nio-8080-exec-2] Initializing Spring DispatcherServlet 'dispatcherServlet'
2019-06-15 12:14:06,852 DEBUG com.sapient.newsapi.sapientNewsApi.controller.NewsApiController [http-nio-8080-exec-2] <<OUT VALUE BEFORE ECHO BACK>>   Temperature forcasted to be normal. Good to Plan for Travel..!
2019-06-15 12:28:24,449 DEBUG com.sapient.newsapi.sapientNewsApi.controller.NewsApiController [http-nio-8080-exec-5] parsed string-->{"location":{"name":"Chennai"
2019-06-15 12:28:24,450 DEBUG com.sapient.newsapi.sapientNewsApi.controller.NewsApiController [http-nio-8080-exec-5] parsed string-->"region":"Tamil Nadu"
2019-06-15 12:28:24,450 DEBUG com.sapient.newsapi.sapientNewsApi.controller.NewsApiController [http-nio-8080-exec-5] parsed string-->"country":"India"
2019-06-15 12:28:24,450 DEBUG com.sapient.newsapi.sapientNewsApi.controller.NewsApiController [http-nio-8080-exec-5] parsed string-->"lat":13.08
2019-06-15 12:28:24,450 DEBUG com.sapient.newsapi.sapientNewsApi.controller.NewsApiController [http-nio-8080-exec-5] parsed string-->"lon":80.28
2019-06-15 12:28:24,450 DEBUG com.sapient.newsapi.sapientNewsApi.controller.NewsApiController [http-nio-8080-exec-5] parsed string-->"tz_id":"Asia/Kolkata"
2019-06-15 12:28:24,451 DEBUG com.sapient.newsapi.sapientNewsApi.controller.NewsApiController [http-nio-8080-exec-5] parsed string-->"localtime_epoch":1560581865
2019-06-15 12:28:24,451 DEBUG com.sapient.newsapi.sapientNewsApi.controller.NewsApiController [http-nio-8080-exec-5] parsed string-->"localtime":"2019-06-15 12:27"}
2019-06-15 12:28:24,451 DEBUG com.sapient.newsapi.sapientNewsApi.controller.NewsApiController [http-nio-8080-exec-5] parsed string-->"current":{"last_updated_epoch":1560581110
2019-06-15 12:28:24,452 DEBUG com.sapient.newsapi.sapientNewsApi.controller.NewsApiController [http-nio-8080-exec-5] parsed string-->"last_updated":"2019-06-15 12:15"
2019-06-15 12:28:24,452 DEBUG com.sapient.newsapi.sapientNewsApi.controller.NewsApiController [http-nio-8080-exec-5] parsed string-->"temp_c":40.0
2019-06-15 12:28:24,453 DEBUG com.sapient.newsapi.sapientNewsApi.controller.NewsApiController [http-nio-8080-exec-5] parsed string-->"temp_f":104.0
2019-06-15 12:28:24,453 DEBUG com.sapient.newsapi.sapientNewsApi.controller.NewsApiController [http-nio-8080-exec-5] parsed string-->"is_day":1
2019-06-15 12:28:24,453 DEBUG com.sapient.newsapi.sapientNewsApi.controller.NewsApiController [http-nio-8080-exec-5] parsed string-->"condition":{"text":"Partly cloudy"
2019-06-15 12:28:24,453 DEBUG com.sapient.newsapi.sapientNewsApi.controller.NewsApiController [http-nio-8080-exec-5] parsed string-->"icon":"//cdn.apixu.com/weather/64x64/day/116.png"
2019-06-15 12:28:24,454 DEBUG com.sapient.newsapi.sapientNewsApi.controller.NewsApiController [http-nio-8080-exec-5] parsed string-->"code":1003}
2019-06-15 12:28:24,454 DEBUG com.sapient.newsapi.sapientNewsApi.controller.NewsApiController [http-nio-8080-exec-5] parsed string-->"wind_mph":11.9
2019-06-15 12:28:24,454 DEBUG com.sapient.newsapi.sapientNewsApi.controller.NewsApiController [http-nio-8080-exec-5] parsed string-->"wind_kph":19.1
2019-06-15 12:28:24,454 DEBUG com.sapient.newsapi.sapientNewsApi.controller.NewsApiController [http-nio-8080-exec-5] parsed string-->"wind_degree":280
2019-06-15 12:28:24,454 DEBUG com.sapient.newsapi.sapientNewsApi.controller.NewsApiController [http-nio-8080-exec-5] parsed string-->"wind_dir":"W"
2019-06-15 12:28:24,454 DEBUG com.sapient.newsapi.sapientNewsApi.controller.NewsApiController [http-nio-8080-exec-5] parsed string-->"pressure_mb":1005.0
2019-06-15 12:28:24,455 DEBUG com.sapient.newsapi.sapientNewsApi.controller.NewsApiController [http-nio-8080-exec-5] parsed string-->"pressure_in":30.2
2019-06-15 12:28:24,455 DEBUG com.sapient.newsapi.sapientNewsApi.controller.NewsApiController [http-nio-8080-exec-5] parsed string-->"precip_mm":0.0
2019-06-15 12:28:24,455 DEBUG com.sapient.newsapi.sapientNewsApi.controller.NewsApiController [http-nio-8080-exec-5] parsed string-->"precip_in":0.0
2019-06-15 12:28:24,456 DEBUG com.sapient.newsapi.sapientNewsApi.controller.NewsApiController [http-nio-8080-exec-5] parsed string-->"humidity":32
2019-06-15 12:28:24,456 DEBUG com.sapient.newsapi.sapientNewsApi.controller.NewsApiController [http-nio-8080-exec-5] parsed string-->"cloud":25
2019-06-15 12:28:24,456 DEBUG com.sapient.newsapi.sapientNewsApi.controller.NewsApiController [http-nio-8080-exec-5] parsed string-->"feelslike_c":44.9
2019-06-15 12:28:24,457 DEBUG com.sapient.newsapi.sapientNewsApi.controller.NewsApiController [http-nio-8080-exec-5] parsed string-->"feelslike_f":112.7
2019-06-15 12:28:24,457 DEBUG com.sapient.newsapi.sapientNewsApi.controller.NewsApiController [http-nio-8080-exec-5] parsed string-->"vis_km":7.0
2019-06-15 12:28:24,457 DEBUG com.sapient.newsapi.sapientNewsApi.controller.NewsApiController [http-nio-8080-exec-5] parsed string-->"vis_miles":4.0
2019-06-15 12:28:24,457 DEBUG com.sapient.newsapi.sapientNewsApi.controller.NewsApiController [http-nio-8080-exec-5] parsed string-->"uv":10.0
2019-06-15 12:28:24,457 DEBUG com.sapient.newsapi.sapientNewsApi.controller.NewsApiController [http-nio-8080-exec-5] parsed string-->"gust_mph":15.7
2019-06-15 12:28:24,458 DEBUG com.sapient.newsapi.sapientNewsApi.controller.NewsApiController [http-nio-8080-exec-5] parsed string-->"gust_kph":25.2}
2019-06-15 12:28:24,458 DEBUG com.sapient.newsapi.sapientNewsApi.controller.NewsApiController [http-nio-8080-exec-5] parsed string-->"forecast":{"forecastday":[{"date":"2019-06-15"
2019-06-15 12:28:24,458 DEBUG com.sapient.newsapi.sapientNewsApi.controller.NewsApiController [http-nio-8080-exec-5] parsed string-->"date_epoch":1560556800
2019-06-15 12:28:24,458 DEBUG com.sapient.newsapi.sapientNewsApi.controller.NewsApiController [http-nio-8080-exec-5] parsed string-->"day":{"maxtemp_c":36.3
2019-06-15 12:28:24,458 DEBUG com.sapient.newsapi.sapientNewsApi.controller.NewsApiController [http-nio-8080-exec-5] parsed string-->"maxtemp_f":97.3
2019-06-15 12:28:24,458 DEBUG com.sapient.newsapi.sapientNewsApi.controller.NewsApiController [http-nio-8080-exec-5] parsed string-->"mintemp_c":25.1
2019-06-15 12:28:24,458 DEBUG com.sapient.newsapi.sapientNewsApi.controller.NewsApiController [http-nio-8080-exec-5] parsed string-->"mintemp_f":77.2
2019-06-15 12:28:24,458 DEBUG com.sapient.newsapi.sapientNewsApi.controller.NewsApiController [http-nio-8080-exec-5] parsed string-->"avgtemp_c":31.5
2019-06-15 12:28:24,458 DEBUG com.sapient.newsapi.sapientNewsApi.controller.NewsApiController [http-nio-8080-exec-5] parsed string-->"avgtemp_f":88.7
2019-06-15 12:28:24,459 DEBUG com.sapient.newsapi.sapientNewsApi.controller.NewsApiController [http-nio-8080-exec-5] parsed string-->"maxwind_mph":19.9
2019-06-15 12:28:24,459 DEBUG com.sapient.newsapi.sapientNewsApi.controller.NewsApiController [http-nio-8080-exec-5] parsed string-->"maxwind_kph":32.0
2019-06-15 12:28:24,459 DEBUG com.sapient.newsapi.sapientNewsApi.controller.NewsApiController [http-nio-8080-exec-5] parsed string-->"totalprecip_mm":0.2
2019-06-15 12:28:24,459 DEBUG com.sapient.newsapi.sapientNewsApi.controller.NewsApiController [http-nio-8080-exec-5] parsed string-->"totalprecip_in":0.01
2019-06-15 12:28:24,459 DEBUG com.sapient.newsapi.sapientNewsApi.controller.NewsApiController [http-nio-8080-exec-5] parsed string-->"avgvis_km":16.8
2019-06-15 12:28:24,459 DEBUG com.sapient.newsapi.sapientNewsApi.controller.NewsApiController [http-nio-8080-exec-5] parsed string-->"avgvis_miles":10.0
2019-06-15 12:28:24,459 DEBUG com.sapient.newsapi.sapientNewsApi.controller.NewsApiController [http-nio-8080-exec-5] parsed string-->"avghumidity":60.0
2019-06-15 12:28:24,459 DEBUG com.sapient.newsapi.sapientNewsApi.controller.NewsApiController [http-nio-8080-exec-5] parsed string-->"condition":{"text":"Patchy rain possible"
2019-06-15 12:28:24,459 DEBUG com.sapient.newsapi.sapientNewsApi.controller.NewsApiController [http-nio-8080-exec-5] parsed string-->"icon":"//cdn.apixu.com/weather/64x64/day/176.png"
2019-06-15 12:28:24,459 DEBUG com.sapient.newsapi.sapientNewsApi.controller.NewsApiController [http-nio-8080-exec-5] parsed string-->"code":1063}
2019-06-15 12:28:24,460 DEBUG com.sapient.newsapi.sapientNewsApi.controller.NewsApiController [http-nio-8080-exec-5] parsed string-->"uv":12.4}
2019-06-15 12:28:24,460 DEBUG com.sapient.newsapi.sapientNewsApi.controller.NewsApiController [http-nio-8080-exec-5] parsed string-->"astro":{"sunrise":"05:43 AM"
2019-06-15 12:28:24,460 DEBUG com.sapient.newsapi.sapientNewsApi.controller.NewsApiController [http-nio-8080-exec-5] parsed string-->"sunset":"06:36 PM"
2019-06-15 12:28:24,460 DEBUG com.sapient.newsapi.sapientNewsApi.controller.NewsApiController [http-nio-8080-exec-5] parsed string-->"moonrise":"04:51 PM"
2019-06-15 12:28:24,460 DEBUG com.sapient.newsapi.sapientNewsApi.controller.NewsApiController [http-nio-8080-exec-5] parsed string-->"moonset":"03:54 AM"}}]}}
2019-06-15 12:28:25,591 DEBUG com.sapient.newsapi.sapientNewsApi.controller.NewsApiController [http-nio-8080-exec-5] <<OUT VALUE BEFORE ECHO BACK>>   Temperature forcasted to be normal. Good to Plan for Travel..!
2019-06-15 12:54:06,584 INFO com.sapient.newsapi.sapientNewsApi.SapientNewsApiApplicationTests [main] Starting SapientNewsApiApplicationTests on WKWIN3043313 with PID 7420 (started by indiahiring in C:\Users\indiahiring\Downloads\weatherapi)
2019-06-15 12:54:06,587 DEBUG com.sapient.newsapi.sapientNewsApi.SapientNewsApiApplicationTests [main] Running with Spring Boot v2.1.5.RELEASE, Spring v5.1.7.RELEASE
2019-06-15 12:54:06,590 INFO com.sapient.newsapi.sapientNewsApi.SapientNewsApiApplicationTests [main] No active profile set, falling back to default profiles: default
2019-06-15 12:54:10,497 INFO com.sapient.newsapi.sapientNewsApi.SapientNewsApiApplicationTests [main] Started SapientNewsApiApplicationTests in 4.625 seconds (JVM running for 7.213)
2019-06-15 12:54:12,432 DEBUG com.sapient.newsapi.sapientNewsApi.controller.NewsApiController [main] <<OUT VALUE BEFORE ECHO BACK>>   Controller working fine
2019-06-15 12:54:12,746 DEBUG com.sapient.newsapi.sapientNewsApi.controller.NewsApiController [main] parsed string-->"day":{"maxtemp_c":46.3
2019-06-15 12:54:12,746 DEBUG com.sapient.newsapi.sapientNewsApi.controller.NewsApiController [main] working fine..!
2019-06-15 12:54:12,746 DEBUG com.sapient.newsapi.sapientNewsApi.controller.NewsApiController [main] printed JSON response bocdy-->"day":{"maxtemp_c":46.3
2019-06-15 12:54:12,751 DEBUG com.sapient.newsapi.sapientNewsApi.controller.NewsApiController [main] parsed string-->"day":{"maxtemp_c":null
2019-06-15 12:54:12,754 DEBUG com.sapient.newsapi.sapientNewsApi.controller.NewsApiController [main] parsed string-->"day":{"maxtemp_c":36.3
2019-06-15 12:54:39,877 INFO com.sapient.newsapi.sapientNewsApi.SapientNewsApiApplicationTests [main] Starting SapientNewsApiApplicationTests on WKWIN3043313 with PID 11332 (started by indiahiring in C:\Users\indiahiring\Downloads\weatherapi)
2019-06-15 12:54:39,880 DEBUG com.sapient.newsapi.sapientNewsApi.SapientNewsApiApplicationTests [main] Running with Spring Boot v2.1.5.RELEASE, Spring v5.1.7.RELEASE
2019-06-15 12:54:39,881 INFO com.sapient.newsapi.sapientNewsApi.SapientNewsApiApplicationTests [main] No active profile set, falling back to default profiles: default
2019-06-15 12:54:43,684 INFO com.sapient.newsapi.sapientNewsApi.SapientNewsApiApplicationTests [main] Started SapientNewsApiApplicationTests in 4.545 seconds (JVM running for 7.312)
2019-06-15 12:54:45,529 DEBUG com.sapient.newsapi.sapientNewsApi.controller.NewsApiController [main] <<OUT VALUE BEFORE ECHO BACK>>   Controller working fine
2019-06-15 12:54:45,841 DEBUG com.sapient.newsapi.sapientNewsApi.controller.NewsApiController [main] parsed string-->"day":{"maxtemp_c":46.3
2019-06-15 12:54:45,842 DEBUG com.sapient.newsapi.sapientNewsApi.controller.NewsApiController [main] working fine..!
2019-06-15 12:54:45,842 DEBUG com.sapient.newsapi.sapientNewsApi.controller.NewsApiController [main] printed JSON response bocdy-->"day":{"maxtemp_c":46.3
2019-06-15 12:54:45,846 DEBUG com.sapient.newsapi.sapientNewsApi.controller.NewsApiController [main] parsed string-->"day":{"maxtemp_c":null
2019-06-15 12:54:45,848 DEBUG com.sapient.newsapi.sapientNewsApi.controller.NewsApiController [main] parsed string-->"day":{"maxtemp_c":36.3
2019-06-15 12:56:46,474 INFO com.sapient.newsapi.sapientNewsApi.SapientNewsApiApplication [main] Starting SapientNewsApiApplication on WKWIN3043313 with PID 10244 (C:\Users\indiahiring\Downloads\weatherapi\target\classes started by indiahiring in C:\Users\indiahiring\Downloads\weatherapi)
2019-06-15 12:56:46,480 DEBUG com.sapient.newsapi.sapientNewsApi.SapientNewsApiApplication [main] Running with Spring Boot v2.1.5.RELEASE, Spring v5.1.7.RELEASE
2019-06-15 12:56:46,480 INFO com.sapient.newsapi.sapientNewsApi.SapientNewsApiApplication [main] No active profile set, falling back to default profiles: default
2019-06-15 12:56:47,610 INFO org.apache.catalina.core.StandardService [main] Starting service [Tomcat]
2019-06-15 12:56:47,611 INFO org.apache.catalina.core.StandardEngine [main] Starting Servlet engine: [Apache Tomcat/9.0.19]
2019-06-15 12:56:47,759 INFO org.apache.jasper.servlet.TldScanner [main] At least one JAR was scanned for TLDs yet contained no TLDs. Enable debug logging for this logger for a complete list of JARs that were scanned but no TLDs were found in them. Skipping unneeded JARs during scanning can improve startup time and JSP compilation time.
2019-06-15 12:56:47,762 INFO org.apache.catalina.core.ContainerBase.[Tomcat].[localhost].[/] [main] Initializing Spring embedded WebApplicationContext
2019-06-15 12:56:48,233 INFO com.sapient.newsapi.sapientNewsApi.SapientNewsApiApplication [main] Started SapientNewsApiApplication in 2.196 seconds (JVM running for 3.137)
2019-06-15 12:56:55,592 INFO org.apache.catalina.core.ContainerBase.[Tomcat].[localhost].[/] [http-nio-8080-exec-2] Initializing Spring DispatcherServlet 'dispatcherServlet'
2019-06-15 12:56:59,149 DEBUG com.sapient.newsapi.sapientNewsApi.controller.NewsApiController [http-nio-8080-exec-2] parsed string-->{"location":{"name":"Chennai"
2019-06-15 12:56:59,149 DEBUG com.sapient.newsapi.sapientNewsApi.controller.NewsApiController [http-nio-8080-exec-2] parsed string-->"region":"Tamil Nadu"
2019-06-15 12:56:59,150 DEBUG com.sapient.newsapi.sapientNewsApi.controller.NewsApiController [http-nio-8080-exec-2] parsed string-->"country":"India"
2019-06-15 12:56:59,150 DEBUG com.sapient.newsapi.sapientNewsApi.controller.NewsApiController [http-nio-8080-exec-2] parsed string-->"lat":13.08
2019-06-15 12:56:59,151 DEBUG com.sapient.newsapi.sapientNewsApi.controller.NewsApiController [http-nio-8080-exec-2] parsed string-->"lon":80.28
2019-06-15 12:56:59,151 DEBUG com.sapient.newsapi.sapientNewsApi.controller.NewsApiController [http-nio-8080-exec-2] parsed string-->"tz_id":"Asia/Kolkata"
2019-06-15 12:56:59,151 DEBUG com.sapient.newsapi.sapientNewsApi.controller.NewsApiController [http-nio-8080-exec-2] parsed string-->"localtime_epoch":1560583618
2019-06-15 12:56:59,152 DEBUG com.sapient.newsapi.sapientNewsApi.controller.NewsApiController [http-nio-8080-exec-2] parsed string-->"localtime":"2019-06-15 12:56"}
2019-06-15 12:56:59,153 DEBUG com.sapient.newsapi.sapientNewsApi.controller.NewsApiController [http-nio-8080-exec-2] parsed string-->"current":{"last_updated_epoch":1560582906
2019-06-15 12:56:59,153 DEBUG com.sapient.newsapi.sapientNewsApi.controller.NewsApiController [http-nio-8080-exec-2] parsed string-->"last_updated":"2019-06-15 12:45"
2019-06-15 12:56:59,153 DEBUG com.sapient.newsapi.sapientNewsApi.controller.NewsApiController [http-nio-8080-exec-2] parsed string-->"temp_c":40.0
2019-06-15 12:56:59,153 DEBUG com.sapient.newsapi.sapientNewsApi.controller.NewsApiController [http-nio-8080-exec-2] parsed string-->"temp_f":104.0
2019-06-15 12:56:59,154 DEBUG com.sapient.newsapi.sapientNewsApi.controller.NewsApiController [http-nio-8080-exec-2] parsed string-->"is_day":1
2019-06-15 12:56:59,154 DEBUG com.sapient.newsapi.sapientNewsApi.controller.NewsApiController [http-nio-8080-exec-2] parsed string-->"condition":{"text":"Partly cloudy"
2019-06-15 12:56:59,154 DEBUG com.sapient.newsapi.sapientNewsApi.controller.NewsApiController [http-nio-8080-exec-2] parsed string-->"icon":"//cdn.apixu.com/weather/64x64/day/116.png"
2019-06-15 12:56:59,155 DEBUG com.sapient.newsapi.sapientNewsApi.controller.NewsApiController [http-nio-8080-exec-2] parsed string-->"code":1003}
2019-06-15 12:56:59,155 DEBUG com.sapient.newsapi.sapientNewsApi.controller.NewsApiController [http-nio-8080-exec-2] parsed string-->"wind_mph":11.9
2019-06-15 12:56:59,155 DEBUG com.sapient.newsapi.sapientNewsApi.controller.NewsApiController [http-nio-8080-exec-2] parsed string-->"wind_kph":19.1
2019-06-15 12:56:59,155 DEBUG com.sapient.newsapi.sapientNewsApi.controller.NewsApiController [http-nio-8080-exec-2] parsed string-->"wind_degree":280
2019-06-15 12:56:59,155 DEBUG com.sapient.newsapi.sapientNewsApi.controller.NewsApiController [http-nio-8080-exec-2] parsed string-->"wind_dir":"W"
2019-06-15 12:56:59,155 DEBUG com.sapient.newsapi.sapientNewsApi.controller.NewsApiController [http-nio-8080-exec-2] parsed string-->"pressure_mb":1004.0
2019-06-15 12:56:59,156 DEBUG com.sapient.newsapi.sapientNewsApi.controller.NewsApiController [http-nio-8080-exec-2] parsed string-->"pressure_in":30.1
2019-06-15 12:56:59,156 DEBUG com.sapient.newsapi.sapientNewsApi.controller.NewsApiController [http-nio-8080-exec-2] parsed string-->"precip_mm":0.0
2019-06-15 12:56:59,156 DEBUG com.sapient.newsapi.sapientNewsApi.controller.NewsApiController [http-nio-8080-exec-2] parsed string-->"precip_in":0.0
2019-06-15 12:56:59,156 DEBUG com.sapient.newsapi.sapientNewsApi.controller.NewsApiController [http-nio-8080-exec-2] parsed string-->"humidity":32
2019-06-15 12:56:59,157 DEBUG com.sapient.newsapi.sapientNewsApi.controller.NewsApiController [http-nio-8080-exec-2] parsed string-->"cloud":25
2019-06-15 12:56:59,157 DEBUG com.sapient.newsapi.sapientNewsApi.controller.NewsApiController [http-nio-8080-exec-2] parsed string-->"feelslike_c":44.9
2019-06-15 12:56:59,157 DEBUG com.sapient.newsapi.sapientNewsApi.controller.NewsApiController [http-nio-8080-exec-2] parsed string-->"feelslike_f":112.7
2019-06-15 12:56:59,157 DEBUG com.sapient.newsapi.sapientNewsApi.controller.NewsApiController [http-nio-8080-exec-2] parsed string-->"vis_km":7.0
2019-06-15 12:56:59,157 DEBUG com.sapient.newsapi.sapientNewsApi.controller.NewsApiController [http-nio-8080-exec-2] parsed string-->"vis_miles":4.0
2019-06-15 12:56:59,157 DEBUG com.sapient.newsapi.sapientNewsApi.controller.NewsApiController [http-nio-8080-exec-2] parsed string-->"uv":10.0
2019-06-15 12:56:59,157 DEBUG com.sapient.newsapi.sapientNewsApi.controller.NewsApiController [http-nio-8080-exec-2] parsed string-->"gust_mph":15.7
2019-06-15 12:56:59,158 DEBUG com.sapient.newsapi.sapientNewsApi.controller.NewsApiController [http-nio-8080-exec-2] parsed string-->"gust_kph":25.2}
2019-06-15 12:56:59,158 DEBUG com.sapient.newsapi.sapientNewsApi.controller.NewsApiController [http-nio-8080-exec-2] parsed string-->"forecast":{"forecastday":[{"date":"2019-06-15"
2019-06-15 12:56:59,158 DEBUG com.sapient.newsapi.sapientNewsApi.controller.NewsApiController [http-nio-8080-exec-2] parsed string-->"date_epoch":1560556800
2019-06-15 12:56:59,158 DEBUG com.sapient.newsapi.sapientNewsApi.controller.NewsApiController [http-nio-8080-exec-2] parsed string-->"day":{"maxtemp_c":36.3
2019-06-15 12:56:59,158 DEBUG com.sapient.newsapi.sapientNewsApi.controller.NewsApiController [http-nio-8080-exec-2] parsed string-->"maxtemp_f":97.3
2019-06-15 12:56:59,158 DEBUG com.sapient.newsapi.sapientNewsApi.controller.NewsApiController [http-nio-8080-exec-2] parsed string-->"mintemp_c":25.1
2019-06-15 12:56:59,158 DEBUG com.sapient.newsapi.sapientNewsApi.controller.NewsApiController [http-nio-8080-exec-2] parsed string-->"mintemp_f":77.2
2019-06-15 12:56:59,158 DEBUG com.sapient.newsapi.sapientNewsApi.controller.NewsApiController [http-nio-8080-exec-2] parsed string-->"avgtemp_c":31.5
2019-06-15 12:56:59,158 DEBUG com.sapient.newsapi.sapientNewsApi.controller.NewsApiController [http-nio-8080-exec-2] parsed string-->"avgtemp_f":88.7
2019-06-15 12:56:59,159 DEBUG com.sapient.newsapi.sapientNewsApi.controller.NewsApiController [http-nio-8080-exec-2] parsed string-->"maxwind_mph":19.9
2019-06-15 12:56:59,159 DEBUG com.sapient.newsapi.sapientNewsApi.controller.NewsApiController [http-nio-8080-exec-2] parsed string-->"maxwind_kph":32.0
2019-06-15 12:56:59,159 DEBUG com.sapient.newsapi.sapientNewsApi.controller.NewsApiController [http-nio-8080-exec-2] parsed string-->"totalprecip_mm":0.2
2019-06-15 12:56:59,159 DEBUG com.sapient.newsapi.sapientNewsApi.controller.NewsApiController [http-nio-8080-exec-2] parsed string-->"totalprecip_in":0.01
2019-06-15 12:56:59,159 DEBUG com.sapient.newsapi.sapientNewsApi.controller.NewsApiController [http-nio-8080-exec-2] parsed string-->"avgvis_km":16.8
2019-06-15 12:56:59,159 DEBUG com.sapient.newsapi.sapientNewsApi.controller.NewsApiController [http-nio-8080-exec-2] parsed string-->"avgvis_miles":10.0
2019-06-15 12:56:59,159 DEBUG com.sapient.newsapi.sapientNewsApi.controller.NewsApiController [http-nio-8080-exec-2] parsed string-->"avghumidity":60.0
2019-06-15 12:56:59,159 DEBUG com.sapient.newsapi.sapientNewsApi.controller.NewsApiController [http-nio-8080-exec-2] parsed string-->"condition":{"text":"Patchy rain possible"
2019-06-15 12:56:59,159 DEBUG com.sapient.newsapi.sapientNewsApi.controller.NewsApiController [http-nio-8080-exec-2] parsed string-->"icon":"//cdn.apixu.com/weather/64x64/day/176.png"
2019-06-15 12:56:59,159 DEBUG com.sapient.newsapi.sapientNewsApi.controller.NewsApiController [http-nio-8080-exec-2] parsed string-->"code":1063}
2019-06-15 12:56:59,160 DEBUG com.sapient.newsapi.sapientNewsApi.controller.NewsApiController [http-nio-8080-exec-2] parsed string-->"uv":12.4}
2019-06-15 12:56:59,160 DEBUG com.sapient.newsapi.sapientNewsApi.controller.NewsApiController [http-nio-8080-exec-2] parsed string-->"astro":{"sunrise":"05:43 AM"
2019-06-15 12:56:59,160 DEBUG com.sapient.newsapi.sapientNewsApi.controller.NewsApiController [http-nio-8080-exec-2] parsed string-->"sunset":"06:36 PM"
2019-06-15 12:56:59,160 DEBUG com.sapient.newsapi.sapientNewsApi.controller.NewsApiController [http-nio-8080-exec-2] parsed string-->"moonrise":"04:51 PM"
2019-06-15 12:56:59,160 DEBUG com.sapient.newsapi.sapientNewsApi.controller.NewsApiController [http-nio-8080-exec-2] parsed string-->"moonset":"03:54 AM"}}]}}
2019-06-15 12:57:00,582 DEBUG com.sapient.newsapi.sapientNewsApi.controller.NewsApiController [http-nio-8080-exec-2] <<OUT VALUE BEFORE ECHO BACK>>   Temperature forcasted to be normal. Good to Plan for Travel..!
2019-06-15 12:57:17,954 DEBUG com.sapient.newsapi.sapientNewsApi.controller.NewsApiController [http-nio-8080-exec-3] parsed string-->{"location":{"name":"Hyderabad"
2019-06-15 12:57:17,956 DEBUG com.sapient.newsapi.sapientNewsApi.controller.NewsApiController [http-nio-8080-exec-3] parsed string-->"region":"Andhra Pradesh"
2019-06-15 12:57:17,956 DEBUG com.sapient.newsapi.sapientNewsApi.controller.NewsApiController [http-nio-8080-exec-3] parsed string-->"country":"India"
2019-06-15 12:57:17,957 DEBUG com.sapient.newsapi.sapientNewsApi.controller.NewsApiController [http-nio-8080-exec-3] parsed string-->"lat":17.38
2019-06-15 12:57:17,957 DEBUG com.sapient.newsapi.sapientNewsApi.controller.NewsApiController [http-nio-8080-exec-3] parsed string-->"lon":78.47
2019-06-15 12:57:17,957 DEBUG com.sapient.newsapi.sapientNewsApi.controller.NewsApiController [http-nio-8080-exec-3] parsed string-->"tz_id":"Asia/Kolkata"
2019-06-15 12:57:17,957 DEBUG com.sapient.newsapi.sapientNewsApi.controller.NewsApiController [http-nio-8080-exec-3] parsed string-->"localtime_epoch":1560583635
2019-06-15 12:57:17,958 DEBUG com.sapient.newsapi.sapientNewsApi.controller.NewsApiController [http-nio-8080-exec-3] parsed string-->"localtime":"2019-06-15 12:57"}
2019-06-15 12:57:17,958 DEBUG com.sapient.newsapi.sapientNewsApi.controller.NewsApiController [http-nio-8080-exec-3] parsed string-->"current":{"last_updated_epoch":1560582906
2019-06-15 12:57:17,958 DEBUG com.sapient.newsapi.sapientNewsApi.controller.NewsApiController [http-nio-8080-exec-3] parsed string-->"last_updated":"2019-06-15 12:45"
2019-06-15 12:57:17,958 DEBUG com.sapient.newsapi.sapientNewsApi.controller.NewsApiController [http-nio-8080-exec-3] parsed string-->"temp_c":35.0
2019-06-15 12:57:17,959 DEBUG com.sapient.newsapi.sapientNewsApi.controller.NewsApiController [http-nio-8080-exec-3] parsed string-->"temp_f":95.0
2019-06-15 12:57:17,959 DEBUG com.sapient.newsapi.sapientNewsApi.controller.NewsApiController [http-nio-8080-exec-3] parsed string-->"is_day":1
2019-06-15 12:57:17,959 DEBUG com.sapient.newsapi.sapientNewsApi.controller.NewsApiController [http-nio-8080-exec-3] parsed string-->"condition":{"text":"Partly cloudy"
2019-06-15 12:57:17,960 DEBUG com.sapient.newsapi.sapientNewsApi.controller.NewsApiController [http-nio-8080-exec-3] parsed string-->"icon":"//cdn.apixu.com/weather/64x64/day/116.png"
2019-06-15 12:57:17,960 DEBUG com.sapient.newsapi.sapientNewsApi.controller.NewsApiController [http-nio-8080-exec-3] parsed string-->"code":1003}
2019-06-15 12:57:17,960 DEBUG com.sapient.newsapi.sapientNewsApi.controller.NewsApiController [http-nio-8080-exec-3] parsed string-->"wind_mph":9.4
2019-06-15 12:57:17,960 DEBUG com.sapient.newsapi.sapientNewsApi.controller.NewsApiController [http-nio-8080-exec-3] parsed string-->"wind_kph":15.1
2019-06-15 12:57:17,960 DEBUG com.sapient.newsapi.sapientNewsApi.controller.NewsApiController [http-nio-8080-exec-3] parsed string-->"wind_degree":240
2019-06-15 12:57:17,961 DEBUG com.sapient.newsapi.sapientNewsApi.controller.NewsApiController [http-nio-8080-exec-3] parsed string-->"wind_dir":"WSW"
2019-06-15 12:57:17,961 DEBUG com.sapient.newsapi.sapientNewsApi.controller.NewsApiController [http-nio-8080-exec-3] parsed string-->"pressure_mb":1008.0
2019-06-15 12:57:17,961 DEBUG com.sapient.newsapi.sapientNewsApi.controller.NewsApiController [http-nio-8080-exec-3] parsed string-->"pressure_in":30.2
2019-06-15 12:57:17,961 DEBUG com.sapient.newsapi.sapientNewsApi.controller.NewsApiController [http-nio-8080-exec-3] parsed string-->"precip_mm":0.0
2019-06-15 12:57:17,961 DEBUG com.sapient.newsapi.sapientNewsApi.controller.NewsApiController [http-nio-8080-exec-3] parsed string-->"precip_in":0.0
2019-06-15 12:57:17,961 DEBUG com.sapient.newsapi.sapientNewsApi.controller.NewsApiController [http-nio-8080-exec-3] parsed string-->"humidity":47
2019-06-15 12:57:17,962 DEBUG com.sapient.newsapi.sapientNewsApi.controller.NewsApiController [http-nio-8080-exec-3] parsed string-->"cloud":50
2019-06-15 12:57:17,962 DEBUG com.sapient.newsapi.sapientNewsApi.controller.NewsApiController [http-nio-8080-exec-3] parsed string-->"feelslike_c":40.2
2019-06-15 12:57:17,962 DEBUG com.sapient.newsapi.sapientNewsApi.controller.NewsApiController [http-nio-8080-exec-3] parsed string-->"feelslike_f":104.3
2019-06-15 12:57:17,962 DEBUG com.sapient.newsapi.sapientNewsApi.controller.NewsApiController [http-nio-8080-exec-3] parsed string-->"vis_km":6.0
2019-06-15 12:57:17,962 DEBUG com.sapient.newsapi.sapientNewsApi.controller.NewsApiController [http-nio-8080-exec-3] parsed string-->"vis_miles":3.0
2019-06-15 12:57:17,963 DEBUG com.sapient.newsapi.sapientNewsApi.controller.NewsApiController [http-nio-8080-exec-3] parsed string-->"uv":9.0
2019-06-15 12:57:17,963 DEBUG com.sapient.newsapi.sapientNewsApi.controller.NewsApiController [http-nio-8080-exec-3] parsed string-->"gust_mph":19.7
2019-06-15 12:57:17,963 DEBUG com.sapient.newsapi.sapientNewsApi.controller.NewsApiController [http-nio-8080-exec-3] parsed string-->"gust_kph":31.7}
2019-06-15 12:57:17,964 DEBUG com.sapient.newsapi.sapientNewsApi.controller.NewsApiController [http-nio-8080-exec-3] parsed string-->"forecast":{"forecastday":[{"date":"2019-06-15"
2019-06-15 12:57:17,964 DEBUG com.sapient.newsapi.sapientNewsApi.controller.NewsApiController [http-nio-8080-exec-3] parsed string-->"date_epoch":1560556800
2019-06-15 12:57:17,964 DEBUG com.sapient.newsapi.sapientNewsApi.controller.NewsApiController [http-nio-8080-exec-3] parsed string-->"day":{"maxtemp_c":37.1
2019-06-15 12:57:17,964 DEBUG com.sapient.newsapi.sapientNewsApi.controller.NewsApiController [http-nio-8080-exec-3] parsed string-->"maxtemp_f":98.8
2019-06-15 12:57:17,964 DEBUG com.sapient.newsapi.sapientNewsApi.controller.NewsApiController [http-nio-8080-exec-3] parsed string-->"mintemp_c":27.1
2019-06-15 12:57:17,964 DEBUG com.sapient.newsapi.sapientNewsApi.controller.NewsApiController [http-nio-8080-exec-3] parsed string-->"mintemp_f":80.8
2019-06-15 12:57:17,964 DEBUG com.sapient.newsapi.sapientNewsApi.controller.NewsApiController [http-nio-8080-exec-3] parsed string-->"avgtemp_c":32.4
2019-06-15 12:57:17,964 DEBUG com.sapient.newsapi.sapientNewsApi.controller.NewsApiController [http-nio-8080-exec-3] parsed string-->"avgtemp_f":90.3
2019-06-15 12:57:17,964 DEBUG com.sapient.newsapi.sapientNewsApi.controller.NewsApiController [http-nio-8080-exec-3] parsed string-->"maxwind_mph":17.7
2019-06-15 12:57:17,964 DEBUG com.sapient.newsapi.sapientNewsApi.controller.NewsApiController [http-nio-8080-exec-3] parsed string-->"maxwind_kph":28.4
2019-06-15 12:57:17,964 DEBUG com.sapient.newsapi.sapientNewsApi.controller.NewsApiController [http-nio-8080-exec-3] parsed string-->"totalprecip_mm":0.0
2019-06-15 12:57:17,964 DEBUG com.sapient.newsapi.sapientNewsApi.controller.NewsApiController [http-nio-8080-exec-3] parsed string-->"totalprecip_in":0.0
2019-06-15 12:57:17,965 DEBUG com.sapient.newsapi.sapientNewsApi.controller.NewsApiController [http-nio-8080-exec-3] parsed string-->"avgvis_km":18.5
2019-06-15 12:57:17,965 DEBUG com.sapient.newsapi.sapientNewsApi.controller.NewsApiController [http-nio-8080-exec-3] parsed string-->"avgvis_miles":11.0
2019-06-15 12:57:17,965 DEBUG com.sapient.newsapi.sapientNewsApi.controller.NewsApiController [http-nio-8080-exec-3] parsed string-->"avghumidity":41.0
2019-06-15 12:57:17,965 DEBUG com.sapient.newsapi.sapientNewsApi.controller.NewsApiController [http-nio-8080-exec-3] parsed string-->"condition":{"text":"Partly cloudy"
2019-06-15 12:57:17,965 DEBUG com.sapient.newsapi.sapientNewsApi.controller.NewsApiController [http-nio-8080-exec-3] parsed string-->"icon":"//cdn.apixu.com/weather/64x64/day/116.png"
2019-06-15 12:57:17,965 DEBUG com.sapient.newsapi.sapientNewsApi.controller.NewsApiController [http-nio-8080-exec-3] parsed string-->"code":1003}
2019-06-15 12:57:17,965 DEBUG com.sapient.newsapi.sapientNewsApi.controller.NewsApiController [http-nio-8080-exec-3] parsed string-->"uv":13.1}
2019-06-15 12:57:17,965 DEBUG com.sapient.newsapi.sapientNewsApi.controller.NewsApiController [http-nio-8080-exec-3] parsed string-->"astro":{"sunrise":"05:42 AM"
2019-06-15 12:57:17,965 DEBUG com.sapient.newsapi.sapientNewsApi.controller.NewsApiController [http-nio-8080-exec-3] parsed string-->"sunset":"06:51 PM"
2019-06-15 12:57:17,966 DEBUG com.sapient.newsapi.sapientNewsApi.controller.NewsApiController [http-nio-8080-exec-3] parsed string-->"moonrise":"05:05 PM"
2019-06-15 12:57:17,966 DEBUG com.sapient.newsapi.sapientNewsApi.controller.NewsApiController [http-nio-8080-exec-3] parsed string-->"moonset":"03:56 AM"}}]}}
2019-06-15 12:57:21,283 DEBUG com.sapient.newsapi.sapientNewsApi.controller.NewsApiController [http-nio-8080-exec-3] <<OUT VALUE BEFORE ECHO BACK>>   Temperature forcasted to be normal. Good to Plan for Travel..!
2019-06-17 11:59:07,903 INFO com.sapient.newsapi.sapientNewsApi.SapientNewsApiApplicationTests [main] Starting SapientNewsApiApplicationTests on md1up8cc with PID 243192 (started by z0041tdk in C:\Users\Z0041TDK\IdeaProjects\weathercheckAPI)
2019-06-17 11:59:07,904 DEBUG com.sapient.newsapi.sapientNewsApi.SapientNewsApiApplicationTests [main] Running with Spring Boot v2.1.5.RELEASE, Spring v5.1.7.RELEASE
2019-06-17 11:59:07,905 INFO com.sapient.newsapi.sapientNewsApi.SapientNewsApiApplicationTests [main] No active profile set, falling back to default profiles: default
2019-06-17 11:59:10,151 INFO com.sapient.newsapi.sapientNewsApi.SapientNewsApiApplicationTests [main] Started SapientNewsApiApplicationTests in 2.642 seconds (JVM running for 4.153)
2019-06-17 11:59:11,588 DEBUG com.sapient.newsapi.sapientNewsApi.controller.NewsApiController [main] <<OUT VALUE BEFORE ECHO BACK>>   Controller working fine
2019-06-17 11:59:11,815 DEBUG com.sapient.newsapi.sapientNewsApi.controller.NewsApiController [main] parsed string-->"day":{"maxtemp_c":46.3
2019-06-17 11:59:11,816 DEBUG com.sapient.newsapi.sapientNewsApi.controller.NewsApiController [main] working fine..!
2019-06-17 11:59:11,816 DEBUG com.sapient.newsapi.sapientNewsApi.controller.NewsApiController [main] printed JSON response bocdy-->"day":{"maxtemp_c":46.3
2019-06-17 11:59:11,818 DEBUG com.sapient.newsapi.sapientNewsApi.controller.NewsApiController [main] parsed string-->"day":{"maxtemp_c":null
2019-06-17 11:59:11,820 DEBUG com.sapient.newsapi.sapientNewsApi.controller.NewsApiController [main] parsed string-->"day":{"maxtemp_c":36.3
2019-06-17 13:00:35,277 INFO com.sapient.newsapi.sapientNewsApi.SapientNewsApiApplication [main] Starting SapientNewsApiApplication on md1up8cc with PID 239236 (C:\Users\Z0041TDK\IdeaProjects\weathercheckAPI\target\classes started by z0041tdk in C:\Users\Z0041TDK\IdeaProjects\weathercheckAPI)
2019-06-17 13:00:35,280 DEBUG com.sapient.newsapi.sapientNewsApi.SapientNewsApiApplication [main] Running with Spring Boot v2.1.5.RELEASE, Spring v5.1.7.RELEASE
2019-06-17 13:00:35,281 INFO com.sapient.newsapi.sapientNewsApi.SapientNewsApiApplication [main] No active profile set, falling back to default profiles: default
2019-06-17 13:00:36,518 INFO org.apache.catalina.core.StandardService [main] Starting service [Tomcat]
2019-06-17 13:00:36,519 INFO org.apache.catalina.core.StandardEngine [main] Starting Servlet engine: [Apache Tomcat/9.0.19]
2019-06-17 13:00:36,970 INFO org.apache.jasper.servlet.TldScanner [main] At least one JAR was scanned for TLDs yet contained no TLDs. Enable debug logging for this logger for a complete list of JARs that were scanned but no TLDs were found in them. Skipping unneeded JARs during scanning can improve startup time and JSP compilation time.
2019-06-17 13:00:36,975 INFO org.apache.catalina.core.ContainerBase.[Tomcat].[localhost].[/] [main] Initializing Spring embedded WebApplicationContext
2019-06-17 13:00:37,467 INFO com.sapient.newsapi.sapientNewsApi.SapientNewsApiApplication [main] Started SapientNewsApiApplication in 2.691 seconds (JVM running for 4.443)
2019-06-17 13:00:59,448 INFO org.apache.catalina.core.ContainerBase.[Tomcat].[localhost].[/] [http-nio-8080-exec-1] Initializing Spring DispatcherServlet 'dispatcherServlet'
2019-06-17 13:02:51,517 DEBUG com.sapient.newsapi.sapientNewsApi.controller.NewsApiController [http-nio-8080-exec-9] parsed string-->{"location":{"name":"London"
2019-06-17 13:02:51,517 DEBUG com.sapient.newsapi.sapientNewsApi.controller.NewsApiController [http-nio-8080-exec-9] parsed string-->"region":"City of London
2019-06-17 13:02:51,518 DEBUG com.sapient.newsapi.sapientNewsApi.controller.NewsApiController [http-nio-8080-exec-9] parsed string--> Greater London"
2019-06-17 13:02:51,518 DEBUG com.sapient.newsapi.sapientNewsApi.controller.NewsApiController [http-nio-8080-exec-9] parsed string-->"country":"United Kingdom"
2019-06-17 13:02:51,518 DEBUG com.sapient.newsapi.sapientNewsApi.controller.NewsApiController [http-nio-8080-exec-9] parsed string-->"lat":51.52
2019-06-17 13:02:51,518 DEBUG com.sapient.newsapi.sapientNewsApi.controller.NewsApiController [http-nio-8080-exec-9] parsed string-->"lon":-0.11
2019-06-17 13:02:51,518 DEBUG com.sapient.newsapi.sapientNewsApi.controller.NewsApiController [http-nio-8080-exec-9] parsed string-->"tz_id":"Europe/London"
2019-06-17 13:02:51,518 DEBUG com.sapient.newsapi.sapientNewsApi.controller.NewsApiController [http-nio-8080-exec-9] parsed string-->"localtime_epoch":1560756771
2019-06-17 13:02:51,518 DEBUG com.sapient.newsapi.sapientNewsApi.controller.NewsApiController [http-nio-8080-exec-9] parsed string-->"localtime":"2019-06-17 8:32"}
2019-06-17 13:02:51,518 DEBUG com.sapient.newsapi.sapientNewsApi.controller.NewsApiController [http-nio-8080-exec-9] parsed string-->"current":{"last_updated_epoch":1560756611
2019-06-17 13:02:51,518 DEBUG com.sapient.newsapi.sapientNewsApi.controller.NewsApiController [http-nio-8080-exec-9] parsed string-->"last_updated":"2019-06-17 08:30"
2019-06-17 13:02:51,518 DEBUG com.sapient.newsapi.sapientNewsApi.controller.NewsApiController [http-nio-8080-exec-9] parsed string-->"temp_c":17.0
2019-06-17 13:02:51,518 DEBUG com.sapient.newsapi.sapientNewsApi.controller.NewsApiController [http-nio-8080-exec-9] parsed string-->"temp_f":62.6
2019-06-17 13:02:51,518 DEBUG com.sapient.newsapi.sapientNewsApi.controller.NewsApiController [http-nio-8080-exec-9] parsed string-->"is_day":1
2019-06-17 13:02:51,518 DEBUG com.sapient.newsapi.sapientNewsApi.controller.NewsApiController [http-nio-8080-exec-9] parsed string-->"condition":{"text":"Overcast"
2019-06-17 13:02:51,518 DEBUG com.sapient.newsapi.sapientNewsApi.controller.NewsApiController [http-nio-8080-exec-9] parsed string-->"icon":"//cdn.apixu.com/weather/64x64/day/122.png"
2019-06-17 13:02:51,518 DEBUG com.sapient.newsapi.sapientNewsApi.controller.NewsApiController [http-nio-8080-exec-9] parsed string-->"code":1009}
2019-06-17 13:02:51,518 DEBUG com.sapient.newsapi.sapientNewsApi.controller.NewsApiController [http-nio-8080-exec-9] parsed string-->"wind_mph":9.4
2019-06-17 13:02:51,519 DEBUG com.sapient.newsapi.sapientNewsApi.controller.NewsApiController [http-nio-8080-exec-9] parsed string-->"wind_kph":15.1
2019-06-17 13:02:51,519 DEBUG com.sapient.newsapi.sapientNewsApi.controller.NewsApiController [http-nio-8080-exec-9] parsed string-->"wind_degree":210
2019-06-17 13:02:51,519 DEBUG com.sapient.newsapi.sapientNewsApi.controller.NewsApiController [http-nio-8080-exec-9] parsed string-->"wind_dir":"SSW"
2019-06-17 13:02:51,519 DEBUG com.sapient.newsapi.sapientNewsApi.controller.NewsApiController [http-nio-8080-exec-9] parsed string-->"pressure_mb":1019.0
2019-06-17 13:02:51,519 DEBUG com.sapient.newsapi.sapientNewsApi.controller.NewsApiController [http-nio-8080-exec-9] parsed string-->"pressure_in":30.6
2019-06-17 13:02:51,519 DEBUG com.sapient.newsapi.sapientNewsApi.controller.NewsApiController [http-nio-8080-exec-9] parsed string-->"precip_mm":0.0
2019-06-17 13:02:51,519 DEBUG com.sapient.newsapi.sapientNewsApi.controller.NewsApiController [http-nio-8080-exec-9] parsed string-->"precip_in":0.0
2019-06-17 13:02:51,519 DEBUG com.sapient.newsapi.sapientNewsApi.controller.NewsApiController [http-nio-8080-exec-9] parsed string-->"humidity":68
2019-06-17 13:02:51,519 DEBUG com.sapient.newsapi.sapientNewsApi.controller.NewsApiController [http-nio-8080-exec-9] parsed string-->"cloud":100
2019-06-17 13:02:51,519 DEBUG com.sapient.newsapi.sapientNewsApi.controller.NewsApiController [http-nio-8080-exec-9] parsed string-->"feelslike_c":17.0
2019-06-17 13:02:51,519 DEBUG com.sapient.newsapi.sapientNewsApi.controller.NewsApiController [http-nio-8080-exec-9] parsed string-->"feelslike_f":62.6
2019-06-17 13:02:51,519 DEBUG com.sapient.newsapi.sapientNewsApi.controller.NewsApiController [http-nio-8080-exec-9] parsed string-->"vis_km":10.0
2019-06-17 13:02:51,519 DEBUG com.sapient.newsapi.sapientNewsApi.controller.NewsApiController [http-nio-8080-exec-9] parsed string-->"vis_miles":6.0
2019-06-17 13:02:51,519 DEBUG com.sapient.newsapi.sapientNewsApi.controller.NewsApiController [http-nio-8080-exec-9] parsed string-->"uv":4.0
2019-06-17 13:02:51,520 DEBUG com.sapient.newsapi.sapientNewsApi.controller.NewsApiController [http-nio-8080-exec-9] parsed string-->"gust_mph":13.4
2019-06-17 13:02:51,520 DEBUG com.sapient.newsapi.sapientNewsApi.controller.NewsApiController [http-nio-8080-exec-9] parsed string-->"gust_kph":21.6}
2019-06-17 13:02:51,520 DEBUG com.sapient.newsapi.sapientNewsApi.controller.NewsApiController [http-nio-8080-exec-9] parsed string-->"forecast":{"forecastday":[{"date":"2019-06-17"
2019-06-17 13:02:51,520 DEBUG com.sapient.newsapi.sapientNewsApi.controller.NewsApiController [http-nio-8080-exec-9] parsed string-->"date_epoch":1560729600
2019-06-17 13:02:51,520 DEBUG com.sapient.newsapi.sapientNewsApi.controller.NewsApiController [http-nio-8080-exec-9] parsed string-->"day":{"maxtemp_c":18.2
2019-06-17 13:02:51,520 DEBUG com.sapient.newsapi.sapientNewsApi.controller.NewsApiController [http-nio-8080-exec-9] parsed string-->"maxtemp_f":64.8
2019-06-17 13:02:51,520 DEBUG com.sapient.newsapi.sapientNewsApi.controller.NewsApiController [http-nio-8080-exec-9] parsed string-->"mintemp_c":13.4
2019-06-17 13:02:51,520 DEBUG com.sapient.newsapi.sapientNewsApi.controller.NewsApiController [http-nio-8080-exec-9] parsed string-->"mintemp_f":56.1
2019-06-17 13:02:51,520 DEBUG com.sapient.newsapi.sapientNewsApi.controller.NewsApiController [http-nio-8080-exec-9] parsed string-->"avgtemp_c":15.8
2019-06-17 13:02:51,520 DEBUG com.sapient.newsapi.sapientNewsApi.controller.NewsApiController [http-nio-8080-exec-9] parsed string-->"avgtemp_f":60.4
2019-06-17 13:02:51,520 DEBUG com.sapient.newsapi.sapientNewsApi.controller.NewsApiController [http-nio-8080-exec-9] parsed string-->"maxwind_mph":10.7
2019-06-17 13:02:51,520 DEBUG com.sapient.newsapi.sapientNewsApi.controller.NewsApiController [http-nio-8080-exec-9] parsed string-->"maxwind_kph":17.3
2019-06-17 13:02:51,520 DEBUG com.sapient.newsapi.sapientNewsApi.controller.NewsApiController [http-nio-8080-exec-9] parsed string-->"totalprecip_mm":0.0
2019-06-17 13:02:51,520 DEBUG com.sapient.newsapi.sapientNewsApi.controller.NewsApiController [http-nio-8080-exec-9] parsed string-->"totalprecip_in":0.0
2019-06-17 13:02:51,520 DEBUG com.sapient.newsapi.sapientNewsApi.controller.NewsApiController [http-nio-8080-exec-9] parsed string-->"avgvis_km":17.6
2019-06-17 13:02:51,520 DEBUG com.sapient.newsapi.sapientNewsApi.controller.NewsApiController [http-nio-8080-exec-9] parsed string-->"avgvis_miles":10.0
2019-06-17 13:02:51,521 DEBUG com.sapient.newsapi.sapientNewsApi.controller.NewsApiController [http-nio-8080-exec-9] parsed string-->"avghumidity":66.0
2019-06-17 13:02:51,521 DEBUG com.sapient.newsapi.sapientNewsApi.controller.NewsApiController [http-nio-8080-exec-9] parsed string-->"condition":{"text":"Cloudy"
2019-06-17 13:02:51,521 DEBUG com.sapient.newsapi.sapientNewsApi.controller.NewsApiController [http-nio-8080-exec-9] parsed string-->"icon":"//cdn.apixu.com/weather/64x64/day/119.png"
2019-06-17 13:02:51,521 DEBUG com.sapient.newsapi.sapientNewsApi.controller.NewsApiController [http-nio-8080-exec-9] parsed string-->"code":1006}
2019-06-17 13:02:51,521 DEBUG com.sapient.newsapi.sapientNewsApi.controller.NewsApiController [http-nio-8080-exec-9] parsed string-->"uv":4.8}
2019-06-17 13:02:51,521 DEBUG com.sapient.newsapi.sapientNewsApi.controller.NewsApiController [http-nio-8080-exec-9] parsed string-->"astro":{"sunrise":"04:42 AM"
2019-06-17 13:02:51,521 DEBUG com.sapient.newsapi.sapientNewsApi.controller.NewsApiController [http-nio-8080-exec-9] parsed string-->"sunset":"09:21 PM"
2019-06-17 13:02:51,521 DEBUG com.sapient.newsapi.sapientNewsApi.controller.NewsApiController [http-nio-8080-exec-9] parsed string-->"moonrise":"09:31 PM"
2019-06-17 13:02:51,521 DEBUG com.sapient.newsapi.sapientNewsApi.controller.NewsApiController [http-nio-8080-exec-9] parsed string-->"moonset":"04:54 AM"}}]}}
2019-06-17 13:02:51,521 DEBUG com.sapient.newsapi.sapientNewsApi.controller.NewsApiController [http-nio-8080-exec-9] <<OUT VALUE BEFORE ECHO BACK>>   Temperature forcasted to be normal. Good to Plan for Travel..!
2019-06-17 13:02:59,682 DEBUG com.sapient.newsapi.sapientNewsApi.controller.NewsApiController [http-nio-8080-exec-10] parsed string-->{"location":{"name":"Chennai"
2019-06-17 13:02:59,682 DEBUG com.sapient.newsapi.sapientNewsApi.controller.NewsApiController [http-nio-8080-exec-10] parsed string-->"region":"Tamil Nadu"
2019-06-17 13:02:59,682 DEBUG com.sapient.newsapi.sapientNewsApi.controller.NewsApiController [http-nio-8080-exec-10] parsed string-->"country":"India"
2019-06-17 13:02:59,682 DEBUG com.sapient.newsapi.sapientNewsApi.controller.NewsApiController [http-nio-8080-exec-10] parsed string-->"lat":13.08
2019-06-17 13:02:59,683 DEBUG com.sapient.newsapi.sapientNewsApi.controller.NewsApiController [http-nio-8080-exec-10] parsed string-->"lon":80.28
2019-06-17 13:02:59,683 DEBUG com.sapient.newsapi.sapientNewsApi.controller.NewsApiController [http-nio-8080-exec-10] parsed string-->"tz_id":"Asia/Kolkata"
2019-06-17 13:02:59,683 DEBUG com.sapient.newsapi.sapientNewsApi.controller.NewsApiController [http-nio-8080-exec-10] parsed string-->"localtime_epoch":1560756779
2019-06-17 13:02:59,683 DEBUG com.sapient.newsapi.sapientNewsApi.controller.NewsApiController [http-nio-8080-exec-10] parsed string-->"localtime":"2019-06-17 13:02"}
2019-06-17 13:02:59,683 DEBUG com.sapient.newsapi.sapientNewsApi.controller.NewsApiController [http-nio-8080-exec-10] parsed string-->"current":{"last_updated_epoch":1560756610
2019-06-17 13:02:59,683 DEBUG com.sapient.newsapi.sapientNewsApi.controller.NewsApiController [http-nio-8080-exec-10] parsed string-->"last_updated":"2019-06-17 13:00"
2019-06-17 13:02:59,683 DEBUG com.sapient.newsapi.sapientNewsApi.controller.NewsApiController [http-nio-8080-exec-10] parsed string-->"temp_c":40.0
2019-06-17 13:02:59,683 DEBUG com.sapient.newsapi.sapientNewsApi.controller.NewsApiController [http-nio-8080-exec-10] parsed string-->"temp_f":104.0
2019-06-17 13:02:59,683 DEBUG com.sapient.newsapi.sapientNewsApi.controller.NewsApiController [http-nio-8080-exec-10] parsed string-->"is_day":1
2019-06-17 13:02:59,683 DEBUG com.sapient.newsapi.sapientNewsApi.controller.NewsApiController [http-nio-8080-exec-10] parsed string-->"condition":{"text":"Partly cloudy"
2019-06-17 13:02:59,683 DEBUG com.sapient.newsapi.sapientNewsApi.controller.NewsApiController [http-nio-8080-exec-10] parsed string-->"icon":"//cdn.apixu.com/weather/64x64/day/116.png"
2019-06-17 13:02:59,683 DEBUG com.sapient.newsapi.sapientNewsApi.controller.NewsApiController [http-nio-8080-exec-10] parsed string-->"code":1003}
2019-06-17 13:02:59,683 DEBUG com.sapient.newsapi.sapientNewsApi.controller.NewsApiController [http-nio-8080-exec-10] parsed string-->"wind_mph":10.5
2019-06-17 13:02:59,683 DEBUG com.sapient.newsapi.sapientNewsApi.controller.NewsApiController [http-nio-8080-exec-10] parsed string-->"wind_kph":16.9
2019-06-17 13:02:59,683 DEBUG com.sapient.newsapi.sapientNewsApi.controller.NewsApiController [http-nio-8080-exec-10] parsed string-->"wind_degree":300
2019-06-17 13:02:59,683 DEBUG com.sapient.newsapi.sapientNewsApi.controller.NewsApiController [http-nio-8080-exec-10] parsed string-->"wind_dir":"WNW"
2019-06-17 13:02:59,683 DEBUG com.sapient.newsapi.sapientNewsApi.controller.NewsApiController [http-nio-8080-exec-10] parsed string-->"pressure_mb":1006.0
2019-06-17 13:02:59,684 DEBUG com.sapient.newsapi.sapientNewsApi.controller.NewsApiController [http-nio-8080-exec-10] parsed string-->"pressure_in":30.2
2019-06-17 13:02:59,684 DEBUG com.sapient.newsapi.sapientNewsApi.controller.NewsApiController [http-nio-8080-exec-10] parsed string-->"precip_mm":0.0
2019-06-17 13:02:59,684 DEBUG com.sapient.newsapi.sapientNewsApi.controller.NewsApiController [http-nio-8080-exec-10] parsed string-->"precip_in":0.0
2019-06-17 13:02:59,684 DEBUG com.sapient.newsapi.sapientNewsApi.controller.NewsApiController [http-nio-8080-exec-10] parsed string-->"humidity":30
2019-06-17 13:02:59,684 DEBUG com.sapient.newsapi.sapientNewsApi.controller.NewsApiController [http-nio-8080-exec-10] parsed string-->"cloud":50
2019-06-17 13:02:59,684 DEBUG com.sapient.newsapi.sapientNewsApi.controller.NewsApiController [http-nio-8080-exec-10] parsed string-->"feelslike_c":43.9
2019-06-17 13:02:59,684 DEBUG com.sapient.newsapi.sapientNewsApi.controller.NewsApiController [http-nio-8080-exec-10] parsed string-->"feelslike_f":111.1
2019-06-17 13:02:59,684 DEBUG com.sapient.newsapi.sapientNewsApi.controller.NewsApiController [http-nio-8080-exec-10] parsed string-->"vis_km":7.0
2019-06-17 13:02:59,684 DEBUG com.sapient.newsapi.sapientNewsApi.controller.NewsApiController [http-nio-8080-exec-10] parsed string-->"vis_miles":4.0
2019-06-17 13:02:59,684 DEBUG com.sapient.newsapi.sapientNewsApi.controller.NewsApiController [http-nio-8080-exec-10] parsed string-->"uv":10.0
2019-06-17 13:02:59,684 DEBUG com.sapient.newsapi.sapientNewsApi.controller.NewsApiController [http-nio-8080-exec-10] parsed string-->"gust_mph":15.0
2019-06-17 13:02:59,684 DEBUG com.sapient.newsapi.sapientNewsApi.controller.NewsApiController [http-nio-8080-exec-10] parsed string-->"gust_kph":24.1}
2019-06-17 13:02:59,684 DEBUG com.sapient.newsapi.sapientNewsApi.controller.NewsApiController [http-nio-8080-exec-10] parsed string-->"forecast":{"forecastday":[{"date":"2019-06-17"
2019-06-17 13:02:59,684 DEBUG com.sapient.newsapi.sapientNewsApi.controller.NewsApiController [http-nio-8080-exec-10] parsed string-->"date_epoch":1560729600
2019-06-17 13:02:59,684 DEBUG com.sapient.newsapi.sapientNewsApi.controller.NewsApiController [http-nio-8080-exec-10] parsed string-->"day":{"maxtemp_c":36.0
2019-06-17 13:02:59,684 DEBUG com.sapient.newsapi.sapientNewsApi.controller.NewsApiController [http-nio-8080-exec-10] parsed string-->"maxtemp_f":96.8
2019-06-17 13:02:59,684 DEBUG com.sapient.newsapi.sapientNewsApi.controller.NewsApiController [http-nio-8080-exec-10] parsed string-->"mintemp_c":29.8
2019-06-17 13:02:59,685 DEBUG com.sapient.newsapi.sapientNewsApi.controller.NewsApiController [http-nio-8080-exec-10] parsed string-->"mintemp_f":85.6
2019-06-17 13:02:59,685 DEBUG com.sapient.newsapi.sapientNewsApi.controller.NewsApiController [http-nio-8080-exec-10] parsed string-->"avgtemp_c":32.3
2019-06-17 13:02:59,685 DEBUG com.sapient.newsapi.sapientNewsApi.controller.NewsApiController [http-nio-8080-exec-10] parsed string-->"avgtemp_f":90.1
2019-06-17 13:02:59,685 DEBUG com.sapient.newsapi.sapientNewsApi.controller.NewsApiController [http-nio-8080-exec-10] parsed string-->"maxwind_mph":16.1
2019-06-17 13:02:59,685 DEBUG com.sapient.newsapi.sapientNewsApi.controller.NewsApiController [http-nio-8080-exec-10] parsed string-->"maxwind_kph":25.9
2019-06-17 13:02:59,685 DEBUG com.sapient.newsapi.sapientNewsApi.controller.NewsApiController [http-nio-8080-exec-10] parsed string-->"totalprecip_mm":0.0
2019-06-17 13:02:59,685 DEBUG com.sapient.newsapi.sapientNewsApi.controller.NewsApiController [http-nio-8080-exec-10] parsed string-->"totalprecip_in":0.0
2019-06-17 13:02:59,685 DEBUG com.sapient.newsapi.sapientNewsApi.controller.NewsApiController [http-nio-8080-exec-10] parsed string-->"avgvis_km":18.5
2019-06-17 13:02:59,685 DEBUG com.sapient.newsapi.sapientNewsApi.controller.NewsApiController [http-nio-8080-exec-10] parsed string-->"avgvis_miles":11.0
2019-06-17 13:02:59,685 DEBUG com.sapient.newsapi.sapientNewsApi.controller.NewsApiController [http-nio-8080-exec-10] parsed string-->"avghumidity":59.0
2019-06-17 13:02:59,685 DEBUG com.sapient.newsapi.sapientNewsApi.controller.NewsApiController [http-nio-8080-exec-10] parsed string-->"condition":{"text":"Partly cloudy"
2019-06-17 13:02:59,685 DEBUG com.sapient.newsapi.sapientNewsApi.controller.NewsApiController [http-nio-8080-exec-10] parsed string-->"icon":"//cdn.apixu.com/weather/64x64/day/116.png"
2019-06-17 13:02:59,685 DEBUG com.sapient.newsapi.sapientNewsApi.controller.NewsApiController [http-nio-8080-exec-10] parsed string-->"code":1003}
2019-06-17 13:02:59,685 DEBUG com.sapient.newsapi.sapientNewsApi.controller.NewsApiController [http-nio-8080-exec-10] parsed string-->"uv":10.3}
2019-06-17 13:02:59,685 DEBUG com.sapient.newsapi.sapientNewsApi.controller.NewsApiController [http-nio-8080-exec-10] parsed string-->"astro":{"sunrise":"05:43 AM"
2019-06-17 13:02:59,685 DEBUG com.sapient.newsapi.sapientNewsApi.controller.NewsApiController [http-nio-8080-exec-10] parsed string-->"sunset":"06:36 PM"
2019-06-17 13:02:59,685 DEBUG com.sapient.newsapi.sapientNewsApi.controller.NewsApiController [http-nio-8080-exec-10] parsed string-->"moonrise":"06:42 PM"
2019-06-17 13:02:59,686 DEBUG com.sapient.newsapi.sapientNewsApi.controller.NewsApiController [http-nio-8080-exec-10] parsed string-->"moonset":"05:31 AM"}}]}}
2019-06-17 13:02:59,686 DEBUG com.sapient.newsapi.sapientNewsApi.controller.NewsApiController [http-nio-8080-exec-10] <<OUT VALUE BEFORE ECHO BACK>>   Temperature forcasted to be normal. Good to Plan for Travel..!
2019-06-17 13:06:00,253 INFO com.sapient.newsapi.sapientNewsApi.SapientNewsApiApplication [main] Starting SapientNewsApiApplication on md1up8cc with PID 245468 (C:\Users\Z0041TDK\IdeaProjects\weathercheckAPI\target\classes started by z0041tdk in C:\Users\Z0041TDK\IdeaProjects\weathercheckAPI)
2019-06-17 13:06:00,256 DEBUG com.sapient.newsapi.sapientNewsApi.SapientNewsApiApplication [main] Running with Spring Boot v2.1.5.RELEASE, Spring v5.1.7.RELEASE
2019-06-17 13:06:00,257 INFO com.sapient.newsapi.sapientNewsApi.SapientNewsApiApplication [main] No active profile set, falling back to default profiles: default
2019-06-17 13:06:01,483 INFO org.apache.catalina.core.StandardService [main] Starting service [Tomcat]
2019-06-17 13:06:01,483 INFO org.apache.catalina.core.StandardEngine [main] Starting Servlet engine: [Apache Tomcat/9.0.19]
2019-06-17 13:06:01,884 INFO org.apache.jasper.servlet.TldScanner [main] At least one JAR was scanned for TLDs yet contained no TLDs. Enable debug logging for this logger for a complete list of JARs that were scanned but no TLDs were found in them. Skipping unneeded JARs during scanning can improve startup time and JSP compilation time.
2019-06-17 13:06:01,888 INFO org.apache.catalina.core.ContainerBase.[Tomcat].[localhost].[/] [main] Initializing Spring embedded WebApplicationContext
2019-06-17 13:06:02,374 INFO com.sapient.newsapi.sapientNewsApi.SapientNewsApiApplication [main] Started SapientNewsApiApplication in 2.62 seconds (JVM running for 4.351)
2019-06-17 13:06:08,108 INFO org.apache.catalina.core.ContainerBase.[Tomcat].[localhost].[/] [http-nio-8080-exec-1] Initializing Spring DispatcherServlet 'dispatcherServlet'
2019-06-17 15:14:45,917 INFO com.sapient.newsapi.sapientNewsApi.SapientNewsApiApplicationTests [main] Starting SapientNewsApiApplicationTests on md1up8cc with PID 144632 (started by z0041tdk in C:\Users\Z0041TDK\IdeaProjects\weathercheckAPI)
2019-06-17 15:14:45,918 DEBUG com.sapient.newsapi.sapientNewsApi.SapientNewsApiApplicationTests [main] Running with Spring Boot v2.1.5.RELEASE, Spring v5.1.7.RELEASE
2019-06-17 15:14:45,920 INFO com.sapient.newsapi.sapientNewsApi.SapientNewsApiApplicationTests [main] No active profile set, falling back to default profiles: default
2019-06-17 15:14:48,316 INFO com.sapient.newsapi.sapientNewsApi.SapientNewsApiApplicationTests [main] Started SapientNewsApiApplicationTests in 2.815 seconds (JVM running for 4.386)
2019-06-17 15:14:49,707 DEBUG com.sapient.newsapi.sapientNewsApi.controller.NewsApiController [main] <<OUT VALUE BEFORE ECHO BACK>>   Controller working fine
2019-06-17 15:14:49,895 DEBUG com.sapient.newsapi.sapientNewsApi.controller.NewsApiController [main] parsed string-->"day":{"maxtemp_c":46.3
2019-06-17 15:14:49,895 DEBUG com.sapient.newsapi.sapientNewsApi.controller.NewsApiController [main] working fine..!
2019-06-17 15:14:49,896 DEBUG com.sapient.newsapi.sapientNewsApi.controller.NewsApiController [main] printed JSON response bocdy-->"day":{"maxtemp_c":46.3
2019-06-17 15:14:49,899 DEBUG com.sapient.newsapi.sapientNewsApi.controller.NewsApiController [main] parsed string-->"day":{"maxtemp_c":null
2019-06-17 15:14:49,916 DEBUG com.sapient.newsapi.sapientNewsApi.controller.NewsApiController [main] parsed string-->"day":{"maxtemp_c":36.3
2019-06-17 15:16:12,239 INFO com.sapient.newsapi.sapientNewsApi.SapientNewsApiApplicationTests [main] Starting SapientNewsApiApplicationTests on md1up8cc with PID 253584 (started by z0041tdk in C:\Users\Z0041TDK\IdeaProjects\weathercheckAPI)
2019-06-17 15:16:12,240 DEBUG com.sapient.newsapi.sapientNewsApi.SapientNewsApiApplicationTests [main] Running with Spring Boot v2.1.5.RELEASE, Spring v5.1.7.RELEASE
2019-06-17 15:16:12,242 INFO com.sapient.newsapi.sapientNewsApi.SapientNewsApiApplicationTests [main] No active profile set, falling back to default profiles: default
2019-06-17 15:16:14,619 INFO com.sapient.newsapi.sapientNewsApi.SapientNewsApiApplicationTests [main] Started SapientNewsApiApplicationTests in 2.761 seconds (JVM running for 4.263)
2019-06-17 15:16:16,126 DEBUG com.sapient.newsapi.sapientNewsApi.controller.NewsApiController [main] <<OUT VALUE BEFORE ECHO BACK>>   Controller working fine
2019-06-17 15:16:16,428 DEBUG com.sapient.newsapi.sapientNewsApi.controller.NewsApiController [main] parsed string-->"day":{"maxtemp_c":46.3
2019-06-17 15:16:16,429 DEBUG com.sapient.newsapi.sapientNewsApi.controller.NewsApiController [main] working fine..!
2019-06-17 15:16:16,429 DEBUG com.sapient.newsapi.sapientNewsApi.controller.NewsApiController [main] printed JSON response bocdy-->"day":{"maxtemp_c":46.3
2019-06-17 15:16:16,432 DEBUG com.sapient.newsapi.sapientNewsApi.controller.NewsApiController [main] parsed string-->"day":{"maxtemp_c":null
2019-06-17 15:16:16,433 DEBUG com.sapient.newsapi.sapientNewsApi.controller.NewsApiController [main] parsed string-->"day":{"maxtemp_c":36.3
